Copyright 1986-2020 Xilinx, Inc. All Rights Reserved.
-----------------------------------------------------------------------------------------------------------------------------------------------------------------------------------------------------------------------
| Tool Version : Vivado v.2020.1 (lin64) Build 2902540 Wed May 27 19:54:35 MDT 2020
| Date         : Sat Aug 27 06:55:26 2022
| Host         : kimberlychan-hpomen running 64-bit Ubuntu 20.04.4 LTS
| Command      : report_methodology -file plasma_nn_wrapper_fixpt_fil_methodology_drc_routed.rpt -pb plasma_nn_wrapper_fixpt_fil_methodology_drc_routed.pb -rpx plasma_nn_wrapper_fixpt_fil_methodology_drc_routed.rpx
| Design       : plasma_nn_wrapper_fixpt_fil
| Device       : xc7z020clg400-1
| Speed File   : -1
| Design State : Fully Routed
-----------------------------------------------------------------------------------------------------------------------------------------------------------------------------------------------------------------------

Report Methodology

Table of Contents
-----------------
1. REPORT SUMMARY
2. REPORT DETAILS

1. REPORT SUMMARY
-----------------
            Netlist: netlist
          Floorplan: design_1
      Design limits: <entire design considered>
             Max violations: <unlimited>
             Violations found: 37
+-----------+----------+--------------------------------------------------------+------------+
| Rule      | Severity | Description                                            | Violations |
+-----------+----------+--------------------------------------------------------+------------+
| PDRC-190  | Warning  | Suboptimally placed synchronized register chain        | 2          |
| TIMING-9  | Warning  | Unknown CDC Logic                                      | 1          |
| TIMING-16 | Warning  | Large setup violation                                  | 24         |
| TIMING-24 | Warning  | Overridden Max delay datapath only                     | 6          |
| TIMING-28 | Warning  | Auto-derived clock referenced by a timing constraint   | 2          |
| XDCC-1    | Warning  | Scoped Clock constraint overwritten with the same name | 1          |
| XDCC-7    | Warning  | Scoped Clock constraint overwritten on the same source | 1          |
+-----------+----------+--------------------------------------------------------+------------+

2. REPORT DETAILS
-----------------
PDRC-190#1 Warning
Suboptimally placed synchronized register chain  
The FDRE cell u_jtag_mac/u_post_chif_fifo/u_jtag_mac_fifo/U0/inst_fifo_gen/gconvfifo.rf/grf.rf/rstblk/grstd1.grst_full.grst_f.rst_d2_reg in site SLICE_X30Y105 is part of a synchronized register chain that is suboptimally placed as the load FDSE cell u_jtag_mac/u_post_chif_fifo/u_jtag_mac_fifo/U0/inst_fifo_gen/gconvfifo.rf/grf.rf/rstblk/grstd1.grst_full.grst_f.rst_d3_reg is not placed in the same (SLICE) site.
Related violations: <none>

PDRC-190#2 Warning
Suboptimally placed synchronized register chain  
The FDRE cell u_jtag_mac/u_pre_chif_fifo/u_jtag_mac_fifo/U0/inst_fifo_gen/gconvfifo.rf/grf.rf/rstblk/grstd1.grst_full.grst_f.rst_d2_reg in site SLICE_X26Y64 is part of a synchronized register chain that is suboptimally placed as the load FDSE cell u_jtag_mac/u_pre_chif_fifo/u_jtag_mac_fifo/U0/inst_fifo_gen/gconvfifo.rf/grf.rf/rstblk/grstd1.grst_full.grst_f.rst_d3_reg is not placed in the same (SLICE) site.
Related violations: <none>

TIMING-9#1 Warning
Unknown CDC Logic  
One or more asynchronous Clock Domain Crossing has been detected between 2 clock domains through a set_false_path or a set_clock_groups or set_max_delay -datapath_only constraint but no double-registers logic synchronizer has been found on the side of the capture clock. It is recommended to run report_cdc for a complete and detailed CDC coverage. Please consider using XPM_CDC to avoid Critical severities
Related violations: <none>

TIMING-16#1 Warning
Large setup violation  
There is a large setup violation of -11.127 ns between u_mwfil_chiftop/u_mwfil_chifcore/NormalBlock.u_b2dfifo/empty_tmp_d1_reg/C (clocked by clk_out1_clk_wiz_0) and u_mwfil_chiftop/u_mwfil_chifcore/u_d2bfifo/u_dpscram/mem_reg_0_15_18_23/RAMA/I (clocked by clk_out1_clk_wiz_0). Large setup violations at the end of those stages might be difficult to fix during the post-placement implementation flow and could be the result of non-optimal XDC constraints or non-optimal design architecture
Related violations: <none>

TIMING-16#2 Warning
Large setup violation  
There is a large setup violation of -11.542 ns between u_mwfil_chiftop/u_mwfil_chifcore/NormalBlock.u_b2dfifo/empty_tmp_d1_reg/C (clocked by clk_out1_clk_wiz_0) and u_mwfil_chiftop/u_mwfil_chifcore/u_d2bfifo/u_dpscram/mem_reg_0_15_18_23/RAMA_D1/I (clocked by clk_out1_clk_wiz_0). Large setup violations at the end of those stages might be difficult to fix during the post-placement implementation flow and could be the result of non-optimal XDC constraints or non-optimal design architecture
Related violations: <none>

TIMING-16#3 Warning
Large setup violation  
There is a large setup violation of -11.730 ns between u_mwfil_chiftop/u_mwfil_chifcore/NormalBlock.u_b2dfifo/empty_tmp_d1_reg/C (clocked by clk_out1_clk_wiz_0) and u_mwfil_chiftop/u_mwfil_chifcore/u_d2bfifo/u_dpscram/mem_reg_0_15_0_5/RAMA/I (clocked by clk_out1_clk_wiz_0). Large setup violations at the end of those stages might be difficult to fix during the post-placement implementation flow and could be the result of non-optimal XDC constraints or non-optimal design architecture
Related violations: <none>

TIMING-16#4 Warning
Large setup violation  
There is a large setup violation of -12.040 ns between u_mwfil_chiftop/u_mwfil_chifcore/NormalBlock.u_b2dfifo/empty_tmp_d1_reg/C (clocked by clk_out1_clk_wiz_0) and u_mwfil_chiftop/u_mwfil_chifcore/u_d2bfifo/u_dpscram/mem_reg_0_15_0_5/RAMA_D1/I (clocked by clk_out1_clk_wiz_0). Large setup violations at the end of those stages might be difficult to fix during the post-placement implementation flow and could be the result of non-optimal XDC constraints or non-optimal design architecture
Related violations: <none>

TIMING-16#5 Warning
Large setup violation  
There is a large setup violation of -12.325 ns between u_mwfil_chiftop/u_mwfil_chifcore/NormalBlock.u_b2dfifo/empty_tmp_d1_reg/C (clocked by clk_out1_clk_wiz_0) and u_mwfil_chiftop/u_mwfil_chifcore/u_d2bfifo/u_dpscram/mem_reg_0_15_24_29/RAMA/I (clocked by clk_out1_clk_wiz_0). Large setup violations at the end of those stages might be difficult to fix during the post-placement implementation flow and could be the result of non-optimal XDC constraints or non-optimal design architecture
Related violations: <none>

TIMING-16#6 Warning
Large setup violation  
There is a large setup violation of -12.340 ns between u_mwfil_chiftop/u_mwfil_chifcore/NormalBlock.u_b2dfifo/empty_tmp_d1_reg/C (clocked by clk_out1_clk_wiz_0) and u_mwfil_chiftop/u_mwfil_chifcore/u_d2bfifo/u_dpscram/mem_reg_0_15_0_5/RAMB/I (clocked by clk_out1_clk_wiz_0). Large setup violations at the end of those stages might be difficult to fix during the post-placement implementation flow and could be the result of non-optimal XDC constraints or non-optimal design architecture
Related violations: <none>

TIMING-16#7 Warning
Large setup violation  
There is a large setup violation of -12.391 ns between u_mwfil_chiftop/u_mwfil_chifcore/NormalBlock.u_b2dfifo/empty_tmp_d1_reg/C (clocked by clk_out1_clk_wiz_0) and u_mwfil_chiftop/u_mwfil_chifcore/u_d2bfifo/u_dpscram/mem_reg_0_15_18_23/RAMB/I (clocked by clk_out1_clk_wiz_0). Large setup violations at the end of those stages might be difficult to fix during the post-placement implementation flow and could be the result of non-optimal XDC constraints or non-optimal design architecture
Related violations: <none>

TIMING-16#8 Warning
Large setup violation  
There is a large setup violation of -12.401 ns between u_mwfil_chiftop/u_mwfil_chifcore/NormalBlock.u_b2dfifo/empty_tmp_d1_reg/C (clocked by clk_out1_clk_wiz_0) and u_mwfil_chiftop/u_mwfil_chifcore/u_d2bfifo/u_dpscram/mem_reg_0_15_18_23/RAMB_D1/I (clocked by clk_out1_clk_wiz_0). Large setup violations at the end of those stages might be difficult to fix during the post-placement implementation flow and could be the result of non-optimal XDC constraints or non-optimal design architecture
Related violations: <none>

TIMING-16#9 Warning
Large setup violation  
There is a large setup violation of -12.412 ns between u_mwfil_chiftop/u_mwfil_chifcore/NormalBlock.u_b2dfifo/empty_tmp_d1_reg/C (clocked by clk_out1_clk_wiz_0) and u_mwfil_chiftop/u_mwfil_chifcore/u_d2bfifo/u_dpscram/mem_reg_0_15_0_5/RAMB_D1/I (clocked by clk_out1_clk_wiz_0). Large setup violations at the end of those stages might be difficult to fix during the post-placement implementation flow and could be the result of non-optimal XDC constraints or non-optimal design architecture
Related violations: <none>

TIMING-16#10 Warning
Large setup violation  
There is a large setup violation of -12.435 ns between u_mwfil_chiftop/u_mwfil_chifcore/NormalBlock.u_b2dfifo/empty_tmp_d1_reg/C (clocked by clk_out1_clk_wiz_0) and u_mwfil_chiftop/u_mwfil_chifcore/u_d2bfifo/u_dpscram/mem_reg_0_15_18_23/RAMC/I (clocked by clk_out1_clk_wiz_0). Large setup violations at the end of those stages might be difficult to fix during the post-placement implementation flow and could be the result of non-optimal XDC constraints or non-optimal design architecture
Related violations: <none>

TIMING-16#11 Warning
Large setup violation  
There is a large setup violation of -12.438 ns between u_mwfil_chiftop/u_mwfil_chifcore/NormalBlock.u_b2dfifo/empty_tmp_d1_reg/C (clocked by clk_out1_clk_wiz_0) and u_mwfil_chiftop/u_mwfil_chifcore/u_d2bfifo/u_dpscram/mem_reg_0_15_24_29/RAMA_D1/I (clocked by clk_out1_clk_wiz_0). Large setup violations at the end of those stages might be difficult to fix during the post-placement implementation flow and could be the result of non-optimal XDC constraints or non-optimal design architecture
Related violations: <none>

TIMING-16#12 Warning
Large setup violation  
There is a large setup violation of -12.551 ns between u_mwfil_chiftop/u_mwfil_chifcore/NormalBlock.u_b2dfifo/empty_tmp_d1_reg/C (clocked by clk_out1_clk_wiz_0) and u_mwfil_chiftop/u_mwfil_chifcore/u_d2bfifo/u_dpscram/mem_reg_0_15_0_5/RAMC/I (clocked by clk_out1_clk_wiz_0). Large setup violations at the end of those stages might be difficult to fix during the post-placement implementation flow and could be the result of non-optimal XDC constraints or non-optimal design architecture
Related violations: <none>

TIMING-16#13 Warning
Large setup violation  
There is a large setup violation of -12.573 ns between u_mwfil_chiftop/u_mwfil_chifcore/NormalBlock.u_b2dfifo/empty_tmp_d1_reg/C (clocked by clk_out1_clk_wiz_0) and u_mwfil_chiftop/u_mwfil_chifcore/u_d2bfifo/u_dpscram/mem_reg_0_15_18_23/RAMC_D1/I (clocked by clk_out1_clk_wiz_0). Large setup violations at the end of those stages might be difficult to fix during the post-placement implementation flow and could be the result of non-optimal XDC constraints or non-optimal design architecture
Related violations: <none>

TIMING-16#14 Warning
Large setup violation  
There is a large setup violation of -12.903 ns between u_mwfil_chiftop/u_mwfil_chifcore/NormalBlock.u_b2dfifo/empty_tmp_d1_reg/C (clocked by clk_out1_clk_wiz_0) and u_mwfil_chiftop/u_mwfil_chifcore/u_d2bfifo/u_dpscram/mem_reg_0_15_24_29/RAMC/I (clocked by clk_out1_clk_wiz_0). Large setup violations at the end of those stages might be difficult to fix during the post-placement implementation flow and could be the result of non-optimal XDC constraints or non-optimal design architecture
Related violations: <none>

TIMING-16#15 Warning
Large setup violation  
There is a large setup violation of -12.906 ns between u_mwfil_chiftop/u_mwfil_chifcore/NormalBlock.u_b2dfifo/empty_tmp_d1_reg/C (clocked by clk_out1_clk_wiz_0) and u_mwfil_chiftop/u_mwfil_chifcore/u_d2bfifo/u_dpscram/mem_reg_0_15_0_5/RAMC_D1/I (clocked by clk_out1_clk_wiz_0). Large setup violations at the end of those stages might be difficult to fix during the post-placement implementation flow and could be the result of non-optimal XDC constraints or non-optimal design architecture
Related violations: <none>

TIMING-16#16 Warning
Large setup violation  
There is a large setup violation of -12.923 ns between u_mwfil_chiftop/u_mwfil_chifcore/NormalBlock.u_b2dfifo/empty_tmp_d1_reg/C (clocked by clk_out1_clk_wiz_0) and u_mwfil_chiftop/u_mwfil_chifcore/u_d2bfifo/u_dpscram/mem_reg_0_15_24_29/RAMB/I (clocked by clk_out1_clk_wiz_0). Large setup violations at the end of those stages might be difficult to fix during the post-placement implementation flow and could be the result of non-optimal XDC constraints or non-optimal design architecture
Related violations: <none>

TIMING-16#17 Warning
Large setup violation  
There is a large setup violation of -12.966 ns between u_mwfil_chiftop/u_mwfil_chifcore/NormalBlock.u_b2dfifo/empty_tmp_d1_reg/C (clocked by clk_out1_clk_wiz_0) and u_mwfil_chiftop/u_mwfil_chifcore/u_d2bfifo/u_dpscram/mem_reg_0_15_24_29/RAMB_D1/I (clocked by clk_out1_clk_wiz_0). Large setup violations at the end of those stages might be difficult to fix during the post-placement implementation flow and could be the result of non-optimal XDC constraints or non-optimal design architecture
Related violations: <none>

TIMING-16#18 Warning
Large setup violation  
There is a large setup violation of -13.282 ns between u_mwfil_chiftop/u_mwfil_chifcore/NormalBlock.u_b2dfifo/empty_tmp_d1_reg/C (clocked by clk_out1_clk_wiz_0) and u_mwfil_chiftop/u_mwfil_chifcore/u_d2bfifo/u_dpscram/mem_reg_0_15_6_11/RAMA/I (clocked by clk_out1_clk_wiz_0). Large setup violations at the end of those stages might be difficult to fix during the post-placement implementation flow and could be the result of non-optimal XDC constraints or non-optimal design architecture
Related violations: <none>

TIMING-16#19 Warning
Large setup violation  
There is a large setup violation of -13.402 ns between u_mwfil_chiftop/u_mwfil_chifcore/NormalBlock.u_b2dfifo/empty_tmp_d1_reg/C (clocked by clk_out1_clk_wiz_0) and u_mwfil_chiftop/u_mwfil_chifcore/u_d2bfifo/u_dpscram/mem_reg_0_15_12_17/RAMA/I (clocked by clk_out1_clk_wiz_0). Large setup violations at the end of those stages might be difficult to fix during the post-placement implementation flow and could be the result of non-optimal XDC constraints or non-optimal design architecture
Related violations: <none>

TIMING-16#20 Warning
Large setup violation  
There is a large setup violation of -13.470 ns between u_mwfil_chiftop/u_mwfil_chifcore/NormalBlock.u_b2dfifo/empty_tmp_d1_reg/C (clocked by clk_out1_clk_wiz_0) and u_mwfil_chiftop/u_mwfil_chifcore/u_d2bfifo/u_dpscram/mem_reg_0_15_6_11/RAMB_D1/I (clocked by clk_out1_clk_wiz_0). Large setup violations at the end of those stages might be difficult to fix during the post-placement implementation flow and could be the result of non-optimal XDC constraints or non-optimal design architecture
Related violations: <none>

TIMING-16#21 Warning
Large setup violation  
There is a large setup violation of -13.535 ns between u_mwfil_chiftop/u_mwfil_chifcore/NormalBlock.u_b2dfifo/empty_tmp_d1_reg/C (clocked by clk_out1_clk_wiz_0) and u_mwfil_chiftop/u_mwfil_chifcore/u_d2bfifo/u_dpscram/mem_reg_0_15_6_11/RAMA_D1/I (clocked by clk_out1_clk_wiz_0). Large setup violations at the end of those stages might be difficult to fix during the post-placement implementation flow and could be the result of non-optimal XDC constraints or non-optimal design architecture
Related violations: <none>

TIMING-16#22 Warning
Large setup violation  
There is a large setup violation of -13.576 ns between u_mwfil_chiftop/u_mwfil_chifcore/NormalBlock.u_b2dfifo/empty_tmp_d1_reg/C (clocked by clk_out1_clk_wiz_0) and u_mwfil_chiftop/u_mwfil_chifcore/u_d2bfifo/u_dpscram/mem_reg_0_15_6_11/RAMC/I (clocked by clk_out1_clk_wiz_0). Large setup violations at the end of those stages might be difficult to fix during the post-placement implementation flow and could be the result of non-optimal XDC constraints or non-optimal design architecture
Related violations: <none>

TIMING-16#23 Warning
Large setup violation  
There is a large setup violation of -13.599 ns between u_mwfil_chiftop/u_mwfil_chifcore/NormalBlock.u_b2dfifo/empty_tmp_d1_reg/C (clocked by clk_out1_clk_wiz_0) and u_mwfil_chiftop/u_mwfil_chifcore/u_d2bfifo/u_dpscram/mem_reg_0_15_6_11/RAMB/I (clocked by clk_out1_clk_wiz_0). Large setup violations at the end of those stages might be difficult to fix during the post-placement implementation flow and could be the result of non-optimal XDC constraints or non-optimal design architecture
Related violations: <none>

TIMING-16#24 Warning
Large setup violation  
There is a large setup violation of -13.650 ns between u_mwfil_chiftop/u_mwfil_chifcore/NormalBlock.u_b2dfifo/empty_tmp_d1_reg/C (clocked by clk_out1_clk_wiz_0) and u_mwfil_chiftop/u_mwfil_chifcore/u_d2bfifo/u_dpscram/mem_reg_0_15_6_11/RAMC_D1/I (clocked by clk_out1_clk_wiz_0). Large setup violations at the end of those stages might be difficult to fix during the post-placement implementation flow and could be the result of non-optimal XDC constraints or non-optimal design architecture
Related violations: <none>

TIMING-24#1 Warning
Overridden Max delay datapath only  
An asynchronous set_clock_groups or a set_false path (see constraint position 5 in the Timing Constraints window in Vivado IDE) between clocks clk_out1_clk_wiz_0 and TCK overrides a set_max_delay -datapath_only (position 11). It is not recommended to override a set_max_delay -datapath_only constraint. Replace the set_clock_groups or set_false_path between clocks with point-to-point set_false_path constraints
Related violations: <none>

TIMING-24#2 Warning
Overridden Max delay datapath only  
An asynchronous set_clock_groups or a set_false path (see constraint position 5 in the Timing Constraints window in Vivado IDE) between clocks clk_out1_clk_wiz_0 and TCK overrides a set_max_delay -datapath_only (position 15). It is not recommended to override a set_max_delay -datapath_only constraint. Replace the set_clock_groups or set_false_path between clocks with point-to-point set_false_path constraints
Related violations: <none>

TIMING-24#3 Warning
Overridden Max delay datapath only  
An asynchronous set_clock_groups or a set_false path (see constraint position 5 in the Timing Constraints window in Vivado IDE) between clocks clk_out1_clk_wiz_0 and TCK overrides a set_max_delay -datapath_only (position 9). It is not recommended to override a set_max_delay -datapath_only constraint. Replace the set_clock_groups or set_false_path between clocks with point-to-point set_false_path constraints
Related violations: <none>

TIMING-24#4 Warning
Overridden Max delay datapath only  
An asynchronous set_clock_groups or a set_false path (see constraint position 6 in the Timing Constraints window in Vivado IDE) between clocks TCK and clk_out1_clk_wiz_0 overrides a set_max_delay -datapath_only (position 13). It is not recommended to override a set_max_delay -datapath_only constraint. Replace the set_clock_groups or set_false_path between clocks with point-to-point set_false_path constraints
Related violations: <none>

TIMING-24#5 Warning
Overridden Max delay datapath only  
An asynchronous set_clock_groups or a set_false path (see constraint position 6 in the Timing Constraints window in Vivado IDE) between clocks TCK and clk_out1_clk_wiz_0 overrides a set_max_delay -datapath_only (position 17). It is not recommended to override a set_max_delay -datapath_only constraint. Replace the set_clock_groups or set_false_path between clocks with point-to-point set_false_path constraints
Related violations: <none>

TIMING-24#6 Warning
Overridden Max delay datapath only  
An asynchronous set_clock_groups or a set_false path (see constraint position 6 in the Timing Constraints window in Vivado IDE) between clocks TCK and clk_out1_clk_wiz_0 overrides a set_max_delay -datapath_only (position 7). It is not recommended to override a set_max_delay -datapath_only constraint. Replace the set_clock_groups or set_false_path between clocks with point-to-point set_false_path constraints
Related violations: <none>

TIMING-28#1 Warning
Auto-derived clock referenced by a timing constraint  
The auto-derived clock clk_out1_clk_wiz_0 is referenced by name inside timing constraint (see constraint position 5 in the Timing Constraint window in Vivado IDE). It is recommended to reference an auto-derived clock by the pin name attached to the clock: get_clocks -of_objects [get_pins u_clk_wiz_0/inst/mmcm_adv_inst/CLKOUT0]
Related violations: <none>

TIMING-28#2 Warning
Auto-derived clock referenced by a timing constraint  
The auto-derived clock clk_out1_clk_wiz_0 is referenced by name inside timing constraint (see constraint position 6 in the Timing Constraint window in Vivado IDE). It is recommended to reference an auto-derived clock by the pin name attached to the clock: get_clocks -of_objects [get_pins u_clk_wiz_0/inst/mmcm_adv_inst/CLKOUT0]
Related violations: <none>

XDCC-1#1 Warning
Scoped Clock constraint overwritten with the same name  
A new clock constraint create_clock overrides a previous scoped clock constraint with the same name. It is not recommended to override a scoped (typically an IP) clock constraint and could result in unexpected behaviors.
New: create_clock -period 8.000 -name sysclk -waveform {0.000 4.000} [get_ports sysclk] (Source: /home/kimberlychan/Desktop/DNN_Generality/matlab/hdlcoder_fullDNN/codegen/plasma_nn_wrapper/fil/plasma_nn_wrapper_fixpt_fil/filsrc/plasma_nn_wrapper_fixpt_fil.xdc (Line: 1))
Previous: create_clock -period 8.000 [get_ports sysclk] (Source: /home/kimberlychan/Desktop/DNN_Generality/matlab/hdlcoder_fullDNN/codegen/plasma_nn_wrapper/fil/plasma_nn_wrapper_fixpt_fil/fpgaproj/plasma_nn_wrapper_fixpt_fil.srcs/sources_1/ip/clk_wiz_0/clk_wiz_0.xdc (Line: 56))
Related violations: <none>

XDCC-7#1 Warning
Scoped Clock constraint overwritten on the same source  
A new clock constraint create_clock overrides a previous scoped clock constraint defined on the same source. It is not recommended to override a scoped (typically an IP) clock constraint and could result in unexpected behaviors.
New: create_clock -period 8.000 -name sysclk -waveform {0.000 4.000} [get_ports sysclk] (Source: /home/kimberlychan/Desktop/DNN_Generality/matlab/hdlcoder_fullDNN/codegen/plasma_nn_wrapper/fil/plasma_nn_wrapper_fixpt_fil/filsrc/plasma_nn_wrapper_fixpt_fil.xdc (Line: 1))
Previous: create_clock -period 8.000 [get_ports sysclk] (Source: /home/kimberlychan/Desktop/DNN_Generality/matlab/hdlcoder_fullDNN/codegen/plasma_nn_wrapper/fil/plasma_nn_wrapper_fixpt_fil/fpgaproj/plasma_nn_wrapper_fixpt_fil.srcs/sources_1/ip/clk_wiz_0/clk_wiz_0.xdc (Line: 56))
Related violations: <none>


